Arguments: 
  F:\nodejs\node.exe F:\nodejs\node_modules\yarn\bin\yarn.js

PATH: 
  C:\Windows\system32;C:\Windows;C:\Windows\System32\Wbem;C:\Windows\System32\WindowsPowerShell\v1.0\;C:\Program Files (x86)\NVIDIA Corporation\PhysX\Common;C:\Program Files\NVIDIA Corporation\NVIDIA NvDLISR;F:\VS Code\bin;F:\Git\cmd;E:\TortoiseGit\bin;node_global;E:\微信web开发者工具\dll;node_global\bin;F:\nvm;F:\nodejs;F:\nodejs\node_global\node_modules;C:\Windows\System32\OpenSSH;F:\Xshell\;F:\Xftp\;C:\Program Files (x86)\PuTTY\;C:\Users\Administrator\AppData\Local\Programs\Python\Python310\Scripts\;C:\Users\Administrator\AppData\Local\Programs\Python\Python310\;C:\Users\Administrator\AppData\Local\Microsoft\WindowsApps;C:\Users\Administrator\AppData\Roaming\npm;F:\Android Studio\sdk\tools;F:\Android Studio\sdk\platform-tools;F:\nvm;F:\nodejs;F:\nodejs\node_global\node_modules;

Yarn version: 
  1.22.19

Node version: 
  16.15.0

Platform: 
  win32 x64

Trace: 
  Error: ENOENT: no such file or directory, copyfile 'C:\Users\Administrator\AppData\Local\Yarn\Cache\v6\npm-arr-diff-1.1.0-687c32758163588fef7de7b36fabe495eb1a399a-integrity\node_modules\arr-diff\LICENSE' -> 'E:\BnewItem\Luckysheet\node_modules\gulp-jshint\node_modules\arr-diff\LICENSE'

npm manifest: 
  {
    "name": "luckysheet",
    "version": "2.1.13",
    "main": "dist/luckysheet.cjs.js",
    "module": "dist/luckysheet.esm.js",
    "browser": "dist/luckysheet.umd.js",
    "devDependencies": {
      "@babel/core": "^7.12.3",
      "@babel/preset-env": "^7.12.1",
      "@babel/runtime-corejs3": "^7.12.1",
      "@commitlint/cli": "^9.1.1",
      "@commitlint/config-conventional": "^9.1.1",
      "@rollup/plugin-babel": "^5.2.1",
      "@rollup/plugin-commonjs": "^13.0.0",
      "@rollup/plugin-node-resolve": "^8.0.1",
      "browser-sync": "^2.26.7",
      "commitizen": "^4.1.2",
      "cross-env": "^7.0.2",
      "delete": "^1.1.0",
      "gulp": "^4.0.2",
      "gulp-babel": "^8.0.0",
      "gulp-clean-css": "^4.3.0",
      "gulp-concat": "^2.6.1",
      "gulp-if": "^3.0.0",
      "gulp-jshint": "^2.1.0",
      "gulp-uglify": "^3.0.2",
      "gulp-useref": "^4.0.1",
      "http-proxy-middleware": "^1.0.6",
      "jshint": "^2.13.6",
      "prettier": "2.8.8",
      "rollup": "^2.32.1",
      "rollup-plugin-terser": "^6.1.0",
      "standard-version": "^8.0.2",
      "uuid": "^8.3.2",
      "vuepress": "^1.5.0",
      "vuepress-plugin-baidu-autopush": "^1.0.1",
      "vuepress-plugin-code-copy": "^1.0.6",
      "vuepress-plugin-seo": "^0.1.4",
      "vuepress-plugin-sitemap": "^2.3.1"
    },
    "dependencies": {
      "@babel/runtime": "^7.12.1",
      "dayjs": "^1.9.6",
      "esbuild": "^0.11.6",
      "escape-html": "^1.0.3",
      "flatpickr": "^4.6.6",
      "jquery": "^2.2.4",
      "luckyexcel": "^1.0.1",
      "numeral": "^2.0.6",
      "pako": "^1.0.11"
    },
    "scripts": {
      "build": "cross-env NODE_ENV=production gulp build",
      "dev": "cross-env NODE_ENV=development gulp dev",
      "serve": "cross-env NODE_ENV=development gulp dev",
      "docs:dev": "vuepress dev docs",
      "docs:build": "vuepress build docs",
      "commit": "git-cz",
      "release": "standard-version",
      "prettier": "npx prettier --check .",
      "prettier:fix": "npx prettier -w ."
    },
    "files": [
      "dist"
    ],
    "config": {
      "commitizen": {
        "path": "./node_modules/cz-conventional-changelog"
      }
    }
  }

yarn manifest: 
  No manifest

Lockfile: 
  No lockfile
